[2018-04-05 01:43:19.549] [renderer1] [error] An unknown error occurred. Please consult the log for more details.
[2018-04-05 01:47:31.173] [renderer1] [error] An unknown error occurred. Please consult the log for more details.
[2018-04-05 01:47:49.800] [renderer1] [error] An unknown error occurred. Please consult the log for more details.
[2018-04-05 01:48:21.720] [renderer1] [error] An unknown error occurred. Please consult the log for more details.
[2018-04-05 01:48:30.286] [renderer1] [error] Cannot read property 'match' of undefined: TypeError: Cannot read property 'match' of undefined
	at new MyCompletionItem (/usr/share/code/resources/app/extensions/typescript/out/features/completionItemProvider.js:54:34)
	at TypeScriptCompletionItemProvider.provideCompletionItems (/usr/share/code/resources/app/extensions/typescript/out/features/completionItemProvider.js:232:26)
	at <anonymous>
[2018-04-05 01:50:24.070] [renderer1] [error] Cannot read property 'match' of undefined: TypeError: Cannot read property 'match' of undefined
	at new MyCompletionItem (/usr/share/code/resources/app/extensions/typescript/out/features/completionItemProvider.js:54:34)
	at TypeScriptCompletionItemProvider.provideCompletionItems (/usr/share/code/resources/app/extensions/typescript/out/features/completionItemProvider.js:232:26)
	at <anonymous>
[2018-04-05 01:50:26.312] [renderer1] [error] Cannot read property 'match' of undefined: TypeError: Cannot read property 'match' of undefined
	at new MyCompletionItem (/usr/share/code/resources/app/extensions/typescript/out/features/completionItemProvider.js:54:34)
	at TypeScriptCompletionItemProvider.provideCompletionItems (/usr/share/code/resources/app/extensions/typescript/out/features/completionItemProvider.js:232:26)
	at <anonymous>
[2018-04-05 01:52:53.666] [renderer1] [error] An unknown error occurred. Please consult the log for more details.
[2018-04-05 01:53:22.295] [renderer1] [error] Cannot read property 'match' of undefined: TypeError: Cannot read property 'match' of undefined
	at new MyCompletionItem (/usr/share/code/resources/app/extensions/typescript/out/features/completionItemProvider.js:54:34)
	at TypeScriptCompletionItemProvider.provideCompletionItems (/usr/share/code/resources/app/extensions/typescript/out/features/completionItemProvider.js:232:26)
	at <anonymous>
[2018-04-05 01:53:25.122] [renderer1] [error] Cannot read property 'match' of undefined: TypeError: Cannot read property 'match' of undefined
	at new MyCompletionItem (/usr/share/code/resources/app/extensions/typescript/out/features/completionItemProvider.js:54:34)
	at TypeScriptCompletionItemProvider.provideCompletionItems (/usr/share/code/resources/app/extensions/typescript/out/features/completionItemProvider.js:232:26)
	at <anonymous>
[2018-04-05 02:02:29.518] [renderer1] [error] An unknown error occurred. Please consult the log for more details.
[2018-04-05 02:04:28.027] [renderer1] [error] An unknown error occurred. Please consult the log for more details.
[2018-04-05 02:05:18.821] [renderer1] [error] Cannot read property 'match' of undefined: TypeError: Cannot read property 'match' of undefined
	at new MyCompletionItem (/usr/share/code/resources/app/extensions/typescript/out/features/completionItemProvider.js:54:34)
	at TypeScriptCompletionItemProvider.provideCompletionItems (/usr/share/code/resources/app/extensions/typescript/out/features/completionItemProvider.js:232:26)
	at <anonymous>
[2018-04-05 02:05:35.805] [renderer1] [error] An unknown error occurred. Please consult the log for more details.
[2018-04-05 02:06:38.250] [renderer1] [error] An unknown error occurred. Please consult the log for more details.
[2018-04-05 02:06:47.969] [renderer1] [error] An unknown error occurred. Please consult the log for more details.
